<?xml version="1.0" encoding="UTF-8"?>
<!-- Generated by org.testng.reporters.JUnitXMLReporter -->
<testsuite hostname="Tulani" failures="0" tests="5" name="Surefire test" time="83.248" errors="0" timestamp="26 Aug 2024 10:22:16 GMT">
  <testcase classname="com.qa.test.WebShopHomeTest" name="addAllDesktopsToCartThenRemoveOneItemAndCompleteOrder" time="53.435"/>
  <testcase classname="com.qa.test.WebShopHomeTest" name="computerTabTest" time="0.723"/>
  <testcase classname="com.qa.test.WebShopHomeTest" name="loginTest" time="2.065"/>
  <testcase classname="com.qa.test.WebShopHomeTest" name="registrationTest" time="2.762"/>
  <testcase classname="com.qa.test.WebShopHomeTest" name="selectDesktopOptionsTest" time="2.131"/>
</testsuite> <!-- Surefire test -->
