<?xml version="1.0" encoding="UTF-8"?>
<testng-results total="5" passed="5" failed="0" skipped="0">
  <reporter-output>
  </reporter-output>
  <suite started-at="2024-08-26T10:20:53Z" name="Surefire suite" finished-at="2024-08-26T10:22:16Z" duration-ms="83248">
    <groups>
    </groups>
    <test started-at="2024-08-26T10:20:53Z" name="Surefire test" finished-at="2024-08-26T10:22:16Z" duration-ms="83248">
      <class name="com.qa.test.WebShopHomeTest">
        <test-method is-config="true" signature="setup()[pri:0, instance:com.qa.test.WebShopHomeTest@17695df3]" started-at="2024-08-26T12:20:53Z" name="setup" finished-at="2024-08-26T12:20:58Z" duration-ms="4751" status="PASS">
          <reporter-output>
          </reporter-output>
        </test-method> <!-- setup -->
        <test-method signature="addAllDesktopsToCartThenRemoveOneItemAndCompleteOrder()[pri:0, instance:com.qa.test.WebShopHomeTest@17695df3]" started-at="2024-08-26T12:20:58Z" name="addAllDesktopsToCartThenRemoveOneItemAndCompleteOrder" finished-at="2024-08-26T12:21:51Z" duration-ms="53435" status="PASS">
          <reporter-output>
          </reporter-output>
        </test-method> <!-- addAllDesktopsToCartThenRemoveOneItemAndCompleteOrder -->
        <test-method is-config="true" signature="teardown()[pri:0, instance:com.qa.test.WebShopHomeTest@17695df3]" started-at="2024-08-26T12:21:51Z" name="teardown" finished-at="2024-08-26T12:21:51Z" duration-ms="1" status="PASS">
          <reporter-output>
          </reporter-output>
        </test-method> <!-- teardown -->
        <test-method is-config="true" signature="setup()[pri:0, instance:com.qa.test.WebShopHomeTest@17695df3]" started-at="2024-08-26T12:21:51Z" name="setup" finished-at="2024-08-26T12:21:55Z" duration-ms="3989" status="PASS">
          <reporter-output>
          </reporter-output>
        </test-method> <!-- setup -->
        <test-method signature="computerTabTest()[pri:0, instance:com.qa.test.WebShopHomeTest@17695df3]" started-at="2024-08-26T12:21:55Z" name="computerTabTest" finished-at="2024-08-26T12:21:56Z" duration-ms="723" status="PASS">
          <reporter-output>
          </reporter-output>
        </test-method> <!-- computerTabTest -->
        <test-method is-config="true" signature="teardown()[pri:0, instance:com.qa.test.WebShopHomeTest@17695df3]" started-at="2024-08-26T12:21:56Z" name="teardown" finished-at="2024-08-26T12:21:56Z" duration-ms="0" status="PASS">
          <reporter-output>
          </reporter-output>
        </test-method> <!-- teardown -->
        <test-method is-config="true" signature="setup()[pri:0, instance:com.qa.test.WebShopHomeTest@17695df3]" started-at="2024-08-26T12:21:56Z" name="setup" finished-at="2024-08-26T12:22:00Z" duration-ms="4073" status="PASS">
          <reporter-output>
          </reporter-output>
        </test-method> <!-- setup -->
        <test-method signature="loginTest()[pri:0, instance:com.qa.test.WebShopHomeTest@17695df3]" started-at="2024-08-26T12:22:00Z" name="loginTest" finished-at="2024-08-26T12:22:02Z" duration-ms="2065" status="PASS">
          <reporter-output>
          </reporter-output>
        </test-method> <!-- loginTest -->
        <test-method is-config="true" signature="setup()[pri:0, instance:com.qa.test.WebShopHomeTest@17695df3]" started-at="2024-08-26T12:22:02Z" name="setup" finished-at="2024-08-26T12:22:06Z" duration-ms="4361" status="PASS">
          <reporter-output>
          </reporter-output>
        </test-method> <!-- setup -->
        <test-method is-config="true" signature="teardown()[pri:0, instance:com.qa.test.WebShopHomeTest@17695df3]" started-at="2024-08-26T12:22:02Z" name="teardown" finished-at="2024-08-26T12:22:02Z" duration-ms="0" status="PASS">
          <reporter-output>
          </reporter-output>
        </test-method> <!-- teardown -->
        <test-method signature="registrationTest()[pri:0, instance:com.qa.test.WebShopHomeTest@17695df3]" started-at="2024-08-26T12:22:06Z" name="registrationTest" finished-at="2024-08-26T12:22:09Z" duration-ms="2762" status="PASS">
          <reporter-output>
          </reporter-output>
        </test-method> <!-- registrationTest -->
        <test-method is-config="true" signature="teardown()[pri:0, instance:com.qa.test.WebShopHomeTest@17695df3]" started-at="2024-08-26T12:22:09Z" name="teardown" finished-at="2024-08-26T12:22:09Z" duration-ms="0" status="PASS">
          <reporter-output>
          </reporter-output>
        </test-method> <!-- teardown -->
        <test-method is-config="true" signature="setup()[pri:0, instance:com.qa.test.WebShopHomeTest@17695df3]" started-at="2024-08-26T12:22:09Z" name="setup" finished-at="2024-08-26T12:22:14Z" duration-ms="4946" status="PASS">
          <reporter-output>
          </reporter-output>
        </test-method> <!-- setup -->
        <test-method signature="selectDesktopOptionsTest()[pri:0, instance:com.qa.test.WebShopHomeTest@17695df3]" started-at="2024-08-26T12:22:14Z" name="selectDesktopOptionsTest" finished-at="2024-08-26T12:22:16Z" duration-ms="2131" status="PASS">
          <reporter-output>
          </reporter-output>
        </test-method> <!-- selectDesktopOptionsTest -->
        <test-method is-config="true" signature="teardown()[pri:0, instance:com.qa.test.WebShopHomeTest@17695df3]" started-at="2024-08-26T12:22:16Z" name="teardown" finished-at="2024-08-26T12:22:16Z" duration-ms="0" status="PASS">
          <reporter-output>
          </reporter-output>
        </test-method> <!-- teardown -->
      </class> <!-- com.qa.test.WebShopHomeTest -->
    </test> <!-- Surefire test -->
  </suite> <!-- Surefire suite -->
</testng-results>
