<?xml version="1.0" encoding="UTF-8"?>
<testng-results skipped="0" failed="0" total="1" passed="1">
  <reporter-output>
  </reporter-output>
  <suite name="Default suite" duration-ms="11346" started-at="2019-06-26T07:15:14Z" finished-at="2019-06-26T07:15:25Z">
    <groups>
    </groups>
    <test name="Default test" duration-ms="11346" started-at="2019-06-26T07:15:14Z" finished-at="2019-06-26T07:15:25Z">
      <class name="com.qa.test.WebShopLoginTest">
        <test-method status="PASS" signature="setup()[pri:0, instance:com.qa.test.WebShopLoginTest@2a2d45ba]" name="setup" is-config="true" duration-ms="8764" started-at="2019-06-26T12:45:14Z" finished-at="2019-06-26T12:45:23Z">
          <reporter-output>
          </reporter-output>
        </test-method> <!-- setup -->
        <test-method status="PASS" signature="loginTest(java.lang.String, java.lang.String)[pri:0, instance:com.qa.test.WebShopLoginTest@2a2d45ba]" name="loginTest" duration-ms="2095" started-at="2019-06-26T12:45:23Z" data-provider="getdata" finished-at="2019-06-26T12:45:25Z">
          <params>
            <param index="0">
              <value>
                <![CDATA[shailesh.sawant@dieboldnixdorf.com]]>
              </value>
            </param>
            <param index="1">
              <value>
                <![CDATA[Diebold@123]]>
              </value>
            </param>
          </params>
          <reporter-output>
          </reporter-output>
        </test-method> <!-- loginTest -->
        <test-method status="PASS" signature="afterMethod()[pri:0, instance:com.qa.test.WebShopLoginTest@2a2d45ba]" name="afterMethod" is-config="true" duration-ms="0" started-at="2019-06-26T12:45:25Z" finished-at="2019-06-26T12:45:25Z">
          <reporter-output>
          </reporter-output>
        </test-method> <!-- afterMethod -->
      </class> <!-- com.qa.test.WebShopLoginTest -->
    </test> <!-- Default test -->
  </suite> <!-- Default suite -->
</testng-results>
